[32m[2017-04-01 01:56:27.814] [INFO] console - [39må¼€å§‹æŠ“å–: "caobi92xiaosaohuo": 
[32m[2017-04-01 01:56:34.286] [INFO] console - [39m"caobi92xiaosaohuo" å…±æœ‰: 152 æ¡è§†é¢‘
[32m[2017-04-01 01:56:34.287] [INFO] console - [39mæ­£åœ¨æŠ“å–ç¬¬0æ¡,ä¸€å…±152æ¡
[32m[2017-04-01 01:56:36.999] [INFO] console - [39mæ­£åœ¨æŠ“å–ç¬¬50æ¡,ä¸€å…±152æ¡
[32m[2017-04-01 01:56:40.291] [INFO] console - [39mæ­£åœ¨æŠ“å–ç¬¬100æ¡,ä¸€å…±152æ¡
[32m[2017-04-01 01:56:43.831] [INFO] console - [39mæ­£åœ¨æŠ“å–ç¬¬150æ¡,ä¸€å…±152æ¡
[32m[2017-04-01 01:56:45.347] [INFO] console - [39mæ­£åœ¨æŠ“å–ç¬¬200æ¡,ä¸€å…±152æ¡
[32m[2017-04-01 01:56:48.007] [INFO] console - [39mæŠ“å–å®Œæˆ
[32m[2017-04-01 01:56:48.010] [INFO] console - [39må¼€å§‹æŠ“å–: "codesama": 
[32m[2017-04-01 01:56:58.319] [INFO] console - [39m"codesama" å…±æœ‰: 54 æ¡è§†é¢‘
[32m[2017-04-01 01:56:58.320] [INFO] console - [39mæ­£åœ¨æŠ“å–ç¬¬0æ¡,ä¸€å…±54æ¡
[32m[2017-04-01 02:04:53.364] [INFO] console - [39må¼€å§‹æŠ“å–: "caobi92xiaosaohuo": 
/Users/KamiSama/work/tumblrdl/node_modules/request-promise-core/lib/plumbing.js:130
            throw thrownException;
            ^

TypeError: Cannot read property 'tumblr' of undefined
    at /Users/KamiSama/work/tumblrdl/src/parser.js:62:31
    at Parser.<anonymous> (/Users/KamiSama/work/tumblrdl/node_modules/xml2js/lib/xml2js.js:493:18)
    at emitOne (events.js:96:13)
    at Parser.emit (events.js:188:7)
    at Parser.exports.Parser.Parser.parseString (/Users/KamiSama/work/tumblrdl/node_modules/xml2js/lib/xml2js.js:512:16)
    at Parser.parseString (/Users/KamiSama/work/tumblrdl/node_modules/xml2js/lib/xml2js.js:7:59)
    at exports.parseString (/Users/KamiSama/work/tumblrdl/node_modules/xml2js/lib/xml2js.js:540:19)
    at Object.getTotal (/Users/KamiSama/work/tumblrdl/src/parser.js:61:10)
    at Request._rp_callbackOrig (/Users/KamiSama/work/tumblrdl/src/match_video.js:33:16)
    at Request.plumbing.callback (/Users/KamiSama/work/tumblrdl/node_modules/request-promise-core/lib/plumbing.js:76:39)
    at Request.RP$callback [as _callback] (/Users/KamiSama/work/tumblrdl/node_modules/request-promise-core/lib/plumbing.js:46:31)
    at self.callback (/Users/KamiSama/work/tumblrdl/node_modules/request/request.js:188:22)
    at emitOne (events.js:96:13)
    at Request.emit (events.js:188:7)
    at Request.onRequestError (/Users/KamiSama/work/tumblrdl/node_modules/request/request.js:884:8)
    at emitOne (events.js:96:13)
