[2017-04-20 18:03:47.400] [INFO] console - 开始抓取: "m37536034": 
[2017-04-20 18:03:52.921] [INFO] console - "m37536034" 共有: 1805 条视频
[2017-04-20 18:03:52.922] [INFO] console - 正在抓取第0条,一共1805条
[2017-04-20 18:04:00.558] [INFO] console - 正在抓取第50条,一共1805条
[2017-04-20 18:04:03.822] [INFO] console - 正在抓取第100条,一共1805条
[2017-04-20 18:04:06.677] [INFO] console - 正在抓取第150条,一共1805条
[2017-04-20 18:04:09.582] [INFO] console - 正在抓取第200条,一共1805条
[2017-04-20 18:04:09.586] [INFO] console - 正在抓取第250条,一共1805条
[2017-04-20 18:04:09.588] [INFO] console - 正在抓取第300条,一共1805条
[2017-04-20 18:04:09.588] [INFO] console - 正在抓取第350条,一共1805条
[2017-04-20 18:04:09.589] [INFO] console - 正在抓取第400条,一共1805条
[2017-04-20 18:04:09.590] [INFO] console - 正在抓取第450条,一共1805条
[2017-04-20 18:04:09.591] [INFO] console - 正在抓取第500条,一共1805条
[2017-04-20 18:04:09.592] [INFO] console - 正在抓取第550条,一共1805条
[2017-04-20 18:04:09.593] [INFO] console - 正在抓取第600条,一共1805条
[2017-04-20 18:04:09.593] [INFO] console - 正在抓取第650条,一共1805条
[2017-04-20 18:04:09.594] [INFO] console - 正在抓取第700条,一共1805条
[2017-04-20 18:04:09.595] [INFO] console - 正在抓取第750条,一共1805条
[2017-04-20 18:04:09.596] [INFO] console - 正在抓取第800条,一共1805条
[2017-04-20 18:04:09.598] [INFO] console - 正在抓取第850条,一共1805条
[2017-04-20 18:04:09.599] [INFO] console - 正在抓取第900条,一共1805条
[2017-04-20 18:04:09.601] [INFO] console - 正在抓取第950条,一共1805条
[2017-04-20 18:04:09.602] [INFO] console - 正在抓取第1000条,一共1805条
[2017-04-20 18:04:09.603] [INFO] console - 正在抓取第1050条,一共1805条
[2017-04-20 18:04:09.604] [INFO] console - 正在抓取第1100条,一共1805条
[2017-04-20 18:04:09.605] [INFO] console - 正在抓取第1150条,一共1805条
[2017-04-20 18:04:09.605] [INFO] console - 正在抓取第1200条,一共1805条
[2017-04-20 18:04:09.606] [INFO] console - 正在抓取第1250条,一共1805条
[2017-04-20 18:04:09.607] [INFO] console - 正在抓取第1300条,一共1805条
[2017-04-20 18:04:09.608] [INFO] console - 正在抓取第1350条,一共1805条
[2017-04-20 18:04:09.609] [INFO] console - 正在抓取第1400条,一共1805条
[2017-04-20 18:04:09.609] [INFO] console - 正在抓取第1450条,一共1805条
[2017-04-20 18:04:09.610] [INFO] console - 正在抓取第1500条,一共1805条
[2017-04-20 18:04:09.611] [INFO] console - 正在抓取第1550条,一共1805条
[2017-04-20 18:04:09.612] [INFO] console - 正在抓取第1600条,一共1805条
[2017-04-20 18:04:09.613] [INFO] console - 正在抓取第1650条,一共1805条
[2017-04-20 18:04:09.614] [INFO] console - 正在抓取第1700条,一共1805条
[2017-04-20 18:04:09.615] [INFO] console - 正在抓取第1750条,一共1805条
[2017-04-20 18:04:09.616] [INFO] console - 正在抓取第1800条,一共1805条
[2017-04-20 18:04:09.617] [INFO] console - 正在抓取第1850条,一共1805条
[2017-04-20 18:04:09.618] [INFO] console - 抓取完成
[2017-04-20 18:04:09.618] [INFO] console - 开始抓取: "new-aidemilan": 
[2017-04-20 18:04:09.619] [INFO] console - undefined
[2017-04-20 18:04:09.620] [INFO] console - "new-aidemilan" 共有: 0 条视频
[2017-04-20 18:04:09.620] [INFO] console - 正在抓取第0条,一共0条
[2017-04-20 18:04:09.621] [INFO] console - 抓取完成
[2017-04-20 18:04:41.711] [INFO] console - 开始抓取: "m37536034": 
[2017-04-20 18:04:44.718] [INFO] console - "m37536034" 共有: 1805 条视频
[2017-04-20 18:04:44.718] [INFO] console - 正在抓取第0条,一共1805条
[2017-04-20 18:04:47.284] [INFO] console - 正在抓取第50条,一共1805条
[2017-04-20 18:04:49.796] [INFO] console - 正在抓取第100条,一共1805条
[2017-04-20 18:05:08.355] [INFO] console - 开始抓取: "m37536034": 
[2017-04-20 18:05:11.788] [INFO] console - "m37536034" 共有: 1805 条视频
[2017-04-20 18:05:11.789] [INFO] console - 正在抓取第0条,一共1805条
[2017-04-20 18:05:15.911] [INFO] console - 正在抓取第50条,一共1805条
[2017-04-20 18:05:44.046] [INFO] console - 开始抓取: "m37536034": 
[2017-04-20 18:05:47.399] [INFO] console - "m37536034" 共有: 1805 条视频
[2017-04-20 18:05:47.400] [INFO] console - 正在抓取第0条,一共1805条
[2017-04-20 18:05:51.011] [INFO] console - 正在抓取第50条,一共1805条
[2017-04-20 18:05:55.091] [INFO] console - 正在抓取第100条,一共1805条
[2017-04-20 18:06:17.199] [INFO] console - 开始抓取: "m37536034": 
[2017-04-20 18:06:23.300] [INFO] console - "m37536034" 共有: 1805 条视频
[2017-04-20 18:06:23.301] [INFO] console - 正在抓取第0条,一共1805条
[2017-04-20 18:06:26.904] [INFO] console - 正在抓取第50条,一共1805条
[2017-04-20 18:06:46.870] [INFO] console - 开始抓取: "m37536034": 
[2017-04-20 18:06:51.260] [INFO] console - "m37536034" 共有: 1805 条视频
[2017-04-20 18:06:51.261] [INFO] console - 正在抓取第0条,一共1805条
[2017-04-20 18:06:51.271] [INFO] console - 正在抓取第50条,一共1805条
[2017-04-20 18:06:51.273] [INFO] console - 正在抓取第100条,一共1805条
[2017-04-20 18:06:51.275] [INFO] console - 正在抓取第150条,一共1805条
[2017-04-20 18:06:51.276] [INFO] console - 正在抓取第200条,一共1805条
[2017-04-20 18:06:51.278] [INFO] console - 正在抓取第250条,一共1805条
[2017-04-20 18:06:51.279] [INFO] console - 正在抓取第300条,一共1805条
[2017-04-20 18:06:51.280] [INFO] console - 正在抓取第350条,一共1805条
[2017-04-20 18:06:51.282] [INFO] console - 正在抓取第400条,一共1805条
[2017-04-20 18:06:51.284] [INFO] console - 正在抓取第450条,一共1805条
[2017-04-20 18:06:51.285] [INFO] console - 正在抓取第500条,一共1805条
[2017-04-20 18:06:51.286] [INFO] console - 正在抓取第550条,一共1805条
[2017-04-20 18:06:51.288] [INFO] console - 正在抓取第600条,一共1805条
[2017-04-20 18:06:51.289] [INFO] console - 正在抓取第650条,一共1805条
[2017-04-20 18:06:51.290] [INFO] console - 正在抓取第700条,一共1805条
[2017-04-20 18:06:51.291] [INFO] console - 正在抓取第750条,一共1805条
[2017-04-20 18:06:51.292] [INFO] console - 正在抓取第800条,一共1805条
[2017-04-20 18:06:51.295] [INFO] console - 正在抓取第850条,一共1805条
[2017-04-20 18:06:51.297] [INFO] console - 正在抓取第900条,一共1805条
[2017-04-20 18:06:51.298] [INFO] console - 正在抓取第950条,一共1805条
[2017-04-20 18:06:51.300] [INFO] console - 正在抓取第1000条,一共1805条
[2017-04-20 18:06:51.301] [INFO] console - 正在抓取第1050条,一共1805条
[2017-04-20 18:06:51.303] [INFO] console - 正在抓取第1100条,一共1805条
[2017-04-20 18:06:51.304] [INFO] console - 正在抓取第1150条,一共1805条
[2017-04-20 18:06:51.305] [INFO] console - 正在抓取第1200条,一共1805条
[2017-04-20 18:06:51.306] [INFO] console - 正在抓取第1250条,一共1805条
[2017-04-20 18:06:51.307] [INFO] console - 正在抓取第1300条,一共1805条
[2017-04-20 18:06:51.308] [INFO] console - 正在抓取第1350条,一共1805条
[2017-04-20 18:06:51.309] [INFO] console - 正在抓取第1400条,一共1805条
[2017-04-20 18:06:51.310] [INFO] console - 正在抓取第1450条,一共1805条
[2017-04-20 18:06:51.312] [INFO] console - 正在抓取第1500条,一共1805条
[2017-04-20 18:06:51.313] [INFO] console - 正在抓取第1550条,一共1805条
[2017-04-20 18:06:51.314] [INFO] console - 正在抓取第1600条,一共1805条
[2017-04-20 18:06:51.315] [INFO] console - 正在抓取第1650条,一共1805条
[2017-04-20 18:06:51.316] [INFO] console - 正在抓取第1700条,一共1805条
[2017-04-20 18:06:51.317] [INFO] console - 正在抓取第1750条,一共1805条
[2017-04-20 18:06:51.318] [INFO] console - 正在抓取第1800条,一共1805条
[2017-04-20 18:06:51.319] [INFO] console - 正在抓取第1850条,一共1805条
[2017-04-20 18:06:51.322] [INFO] console - 抓取完成
[2017-04-20 18:06:51.322] [INFO] console - 开始抓取: "new-aidemilan": 
[2017-04-20 18:06:51.323] [INFO] console - undefined
[2017-04-20 18:06:51.324] [INFO] console - "new-aidemilan" 共有: 0 条视频
[2017-04-20 18:06:51.325] [INFO] console - 正在抓取第0条,一共0条
[2017-04-20 18:06:51.326] [INFO] console - 抓取完成
[2017-04-20 18:09:02.437] [INFO] console - 开始抓取: "m37536034": 
[2017-04-20 18:09:05.349] [INFO] console - "m37536034" 共有: 1805 条视频
[2017-04-20 18:09:05.350] [INFO] console - 正在抓取第0条,一共1805条
[2017-04-20 18:09:08.848] [INFO] console - 正在抓取第50条,一共1805条
[2017-04-20 18:09:08.864] [INFO] console - 正在抓取第100条,一共1805条
[2017-04-20 18:09:08.868] [INFO] console - 正在抓取第150条,一共1805条
[2017-04-20 18:09:08.871] [INFO] console - 正在抓取第200条,一共1805条
[2017-04-20 18:09:08.876] [INFO] console - 正在抓取第250条,一共1805条
[2017-04-20 18:09:08.878] [INFO] console - 正在抓取第300条,一共1805条
[2017-04-20 18:09:08.881] [INFO] console - 正在抓取第350条,一共1805条
[2017-04-20 18:09:08.883] [INFO] console - 正在抓取第400条,一共1805条
[2017-04-20 18:09:08.886] [INFO] console - 正在抓取第450条,一共1805条
[2017-04-20 18:09:08.891] [INFO] console - 正在抓取第500条,一共1805条
[2017-04-20 18:09:08.895] [INFO] console - 正在抓取第550条,一共1805条
[2017-04-20 18:09:08.897] [INFO] console - 正在抓取第600条,一共1805条
[2017-04-20 18:09:08.898] [INFO] console - 正在抓取第650条,一共1805条
[2017-04-20 18:09:08.899] [INFO] console - 正在抓取第700条,一共1805条
[2017-04-20 18:09:08.899] [INFO] console - 正在抓取第750条,一共1805条
[2017-04-20 18:09:08.901] [INFO] console - 正在抓取第800条,一共1805条
[2017-04-20 18:09:08.904] [INFO] console - 正在抓取第850条,一共1805条
[2017-04-20 18:09:08.906] [INFO] console - 正在抓取第900条,一共1805条
[2017-04-20 18:09:08.907] [INFO] console - 正在抓取第950条,一共1805条
[2017-04-20 18:09:08.909] [INFO] console - 正在抓取第1000条,一共1805条
[2017-04-20 18:09:08.910] [INFO] console - 正在抓取第1050条,一共1805条
[2017-04-20 18:09:08.911] [INFO] console - 正在抓取第1100条,一共1805条
[2017-04-20 18:09:08.912] [INFO] console - 正在抓取第1150条,一共1805条
[2017-04-20 18:09:08.913] [INFO] console - 正在抓取第1200条,一共1805条
[2017-04-20 18:09:08.914] [INFO] console - 正在抓取第1250条,一共1805条
[2017-04-20 18:09:08.914] [INFO] console - 正在抓取第1300条,一共1805条
[2017-04-20 18:09:08.916] [INFO] console - 正在抓取第1350条,一共1805条
[2017-04-20 18:09:08.917] [INFO] console - 正在抓取第1400条,一共1805条
[2017-04-20 18:09:08.918] [INFO] console - 正在抓取第1450条,一共1805条
[2017-04-20 18:09:08.918] [INFO] console - 正在抓取第1500条,一共1805条
[2017-04-20 18:09:08.919] [INFO] console - 正在抓取第1550条,一共1805条
[2017-04-20 18:09:08.920] [INFO] console - 正在抓取第1600条,一共1805条
[2017-04-20 18:09:08.921] [INFO] console - 正在抓取第1650条,一共1805条
[2017-04-20 18:09:08.922] [INFO] console - 正在抓取第1700条,一共1805条
[2017-04-20 18:09:08.923] [INFO] console - 正在抓取第1750条,一共1805条
[2017-04-20 18:09:08.924] [INFO] console - 正在抓取第1800条,一共1805条
[2017-04-20 18:09:08.925] [INFO] console - 正在抓取第1850条,一共1805条
[2017-04-20 18:09:08.926] [INFO] console - 抓取完成
[2017-04-20 18:09:08.926] [INFO] console - 开始抓取: "new-aidemilan": 
[2017-04-20 18:09:08.927] [INFO] console - undefined
[2017-04-20 18:09:08.928] [INFO] console - "new-aidemilan" 共有: 0 条视频
[2017-04-20 18:09:08.928] [INFO] console - 正在抓取第0条,一共0条
[2017-04-20 18:09:08.929] [INFO] console - 抓取完成
[2017-04-20 18:09:39.118] [INFO] console - 开始抓取: "m37536034": 
[2017-04-20 18:09:42.968] [INFO] console - "m37536034" 共有: 1805 条视频
[2017-04-20 18:09:42.968] [INFO] console - 正在抓取第0条,一共1805条
[2017-04-20 18:09:45.608] [INFO] console - 正在抓取第50条,一共1805条
[2017-04-20 18:09:45.626] [INFO] console - 正在抓取第100条,一共1805条
[2017-04-20 18:09:45.630] [INFO] console - 正在抓取第150条,一共1805条
[2017-04-20 18:09:45.633] [INFO] console - 正在抓取第200条,一共1805条
[2017-04-20 18:09:45.638] [INFO] console - 正在抓取第250条,一共1805条
[2017-04-20 18:09:45.641] [INFO] console - 正在抓取第300条,一共1805条
[2017-04-20 18:09:45.643] [INFO] console - 正在抓取第350条,一共1805条
[2017-04-20 18:09:45.648] [INFO] console - 正在抓取第400条,一共1805条
[2017-04-20 18:09:45.650] [INFO] console - 正在抓取第450条,一共1805条
[2017-04-20 18:09:45.656] [INFO] console - 正在抓取第500条,一共1805条
[2017-04-20 18:09:45.657] [INFO] console - 正在抓取第550条,一共1805条
[2017-04-20 18:09:45.661] [INFO] console - 正在抓取第600条,一共1805条
[2017-04-20 18:09:45.662] [INFO] console - 正在抓取第650条,一共1805条
[2017-04-20 18:09:45.663] [INFO] console - 正在抓取第700条,一共1805条
[2017-04-20 18:09:45.665] [INFO] console - 正在抓取第750条,一共1805条
[2017-04-20 18:09:45.666] [INFO] console - 正在抓取第800条,一共1805条
[2017-04-20 18:09:45.669] [INFO] console - 正在抓取第850条,一共1805条
[2017-04-20 18:09:45.671] [INFO] console - 正在抓取第900条,一共1805条
[2017-04-20 18:09:45.672] [INFO] console - 正在抓取第950条,一共1805条
[2017-04-20 18:09:45.673] [INFO] console - 正在抓取第1000条,一共1805条
[2017-04-20 18:09:45.674] [INFO] console - 正在抓取第1050条,一共1805条
[2017-04-20 18:09:45.676] [INFO] console - 正在抓取第1100条,一共1805条
[2017-04-20 18:09:45.677] [INFO] console - 正在抓取第1150条,一共1805条
[2017-04-20 18:09:45.678] [INFO] console - 正在抓取第1200条,一共1805条
[2017-04-20 18:09:45.679] [INFO] console - 正在抓取第1250条,一共1805条
[2017-04-20 18:09:45.680] [INFO] console - 正在抓取第1300条,一共1805条
[2017-04-20 18:09:45.681] [INFO] console - 正在抓取第1350条,一共1805条
[2017-04-20 18:09:45.682] [INFO] console - 正在抓取第1400条,一共1805条
[2017-04-20 18:09:45.683] [INFO] console - 正在抓取第1450条,一共1805条
[2017-04-20 18:09:45.684] [INFO] console - 正在抓取第1500条,一共1805条
[2017-04-20 18:09:45.686] [INFO] console - 正在抓取第1550条,一共1805条
[2017-04-20 18:09:45.687] [INFO] console - 正在抓取第1600条,一共1805条
[2017-04-20 18:09:45.688] [INFO] console - 正在抓取第1650条,一共1805条
[2017-04-20 18:09:45.689] [INFO] console - 正在抓取第1700条,一共1805条
[2017-04-20 18:09:45.690] [INFO] console - 正在抓取第1750条,一共1805条
[2017-04-20 18:09:45.691] [INFO] console - 正在抓取第1800条,一共1805条
[2017-04-20 18:09:45.692] [INFO] console - 正在抓取第1850条,一共1805条
[2017-04-20 18:09:45.693] [INFO] console - 抓取完成
[2017-04-20 18:09:45.693] [INFO] console - 开始抓取: "new-aidemilan": 
[2017-04-20 18:09:45.695] [INFO] console - undefined
[2017-04-20 18:09:45.696] [INFO] console - "new-aidemilan" 共有: 0 条视频
[2017-04-20 18:09:45.696] [INFO] console - 正在抓取第0条,一共0条
[2017-04-20 18:09:45.697] [INFO] console - 抓取完成
[2017-04-20 18:10:08.060] [INFO] console - 开始抓取: "m37536034": 
[2017-04-20 18:10:11.440] [INFO] console - "m37536034" 共有: 1805 条视频
[2017-04-20 18:10:11.440] [INFO] console - 正在抓取第0条,一共1805条
[2017-04-20 18:10:15.448] [INFO] console - 正在抓取第50条,一共1805条
[2017-04-20 18:10:15.466] [INFO] console - 正在抓取第100条,一共1805条
[2017-04-20 18:10:15.469] [INFO] console - 正在抓取第150条,一共1805条
[2017-04-20 18:10:15.472] [INFO] console - 正在抓取第200条,一共1805条
[2017-04-20 18:10:15.477] [INFO] console - 正在抓取第250条,一共1805条
[2017-04-20 18:10:15.479] [INFO] console - 正在抓取第300条,一共1805条
[2017-04-20 18:10:15.482] [INFO] console - 正在抓取第350条,一共1805条
[2017-04-20 18:10:15.484] [INFO] console - 正在抓取第400条,一共1805条
[2017-04-20 18:10:15.488] [INFO] console - 正在抓取第450条,一共1805条
[2017-04-20 18:10:15.491] [INFO] console - 正在抓取第500条,一共1805条
[2017-04-20 18:10:15.492] [INFO] console - 正在抓取第550条,一共1805条
[2017-04-20 18:10:15.496] [INFO] console - 正在抓取第600条,一共1805条
[2017-04-20 18:10:15.498] [INFO] console - 正在抓取第650条,一共1805条
[2017-04-20 18:10:15.499] [INFO] console - 正在抓取第700条,一共1805条
[2017-04-20 18:10:15.499] [INFO] console - 正在抓取第750条,一共1805条
[2017-04-20 18:10:15.500] [INFO] console - 正在抓取第800条,一共1805条
[2017-04-20 18:10:15.504] [INFO] console - 正在抓取第850条,一共1805条
[2017-04-20 18:10:15.505] [INFO] console - 正在抓取第900条,一共1805条
[2017-04-20 18:10:15.507] [INFO] console - 正在抓取第950条,一共1805条
[2017-04-20 18:10:15.508] [INFO] console - 正在抓取第1000条,一共1805条
[2017-04-20 18:10:15.509] [INFO] console - 正在抓取第1050条,一共1805条
[2017-04-20 18:10:15.510] [INFO] console - 正在抓取第1100条,一共1805条
[2017-04-20 18:10:15.511] [INFO] console - 正在抓取第1150条,一共1805条
[2017-04-20 18:10:15.512] [INFO] console - 正在抓取第1200条,一共1805条
[2017-04-20 18:10:15.512] [INFO] console - 正在抓取第1250条,一共1805条
[2017-04-20 18:10:15.513] [INFO] console - 正在抓取第1300条,一共1805条
[2017-04-20 18:10:15.515] [INFO] console - 正在抓取第1350条,一共1805条
[2017-04-20 18:10:15.516] [INFO] console - 正在抓取第1400条,一共1805条
[2017-04-20 18:10:15.517] [INFO] console - 正在抓取第1450条,一共1805条
[2017-04-20 18:10:15.517] [INFO] console - 正在抓取第1500条,一共1805条
[2017-04-20 18:10:15.519] [INFO] console - 正在抓取第1550条,一共1805条
[2017-04-20 18:10:15.519] [INFO] console - 正在抓取第1600条,一共1805条
[2017-04-20 18:10:15.520] [INFO] console - 正在抓取第1650条,一共1805条
[2017-04-20 18:10:15.521] [INFO] console - 正在抓取第1700条,一共1805条
[2017-04-20 18:10:15.522] [INFO] console - 正在抓取第1750条,一共1805条
[2017-04-20 18:10:15.523] [INFO] console - 正在抓取第1800条,一共1805条
[2017-04-20 18:10:15.524] [INFO] console - 正在抓取第1850条,一共1805条
[2017-04-20 18:10:15.525] [INFO] console - 抓取完成
[2017-04-20 18:10:15.525] [INFO] console - 开始抓取: "new-aidemilan": 
[2017-04-20 18:10:15.527] [INFO] console - undefined
[2017-04-20 18:10:15.528] [INFO] console - "new-aidemilan" 共有: 0 条视频
[2017-04-20 18:10:15.528] [INFO] console - 正在抓取第0条,一共0条
[2017-04-20 18:10:15.529] [INFO] console - 抓取完成
[2017-04-20 18:10:35.119] [INFO] console - 开始抓取: "m37536034": 
[2017-04-20 18:10:39.015] [INFO] console - "m37536034" 共有: 1805 条视频
[2017-04-20 18:10:39.015] [INFO] console - 正在抓取第0条,一共1805条
[2017-04-20 18:10:42.171] [INFO] console - 正在抓取第50条,一共1805条
[2017-04-20 18:10:42.186] [INFO] console - 正在抓取第100条,一共1805条
[2017-04-20 18:10:42.190] [INFO] console - 正在抓取第150条,一共1805条
[2017-04-20 18:10:42.193] [INFO] console - 正在抓取第200条,一共1805条
[2017-04-20 18:10:42.199] [INFO] console - 正在抓取第250条,一共1805条
[2017-04-20 18:10:42.201] [INFO] console - 正在抓取第300条,一共1805条
[2017-04-20 18:10:42.204] [INFO] console - 正在抓取第350条,一共1805条
[2017-04-20 18:10:42.207] [INFO] console - 正在抓取第400条,一共1805条
[2017-04-20 18:10:42.210] [INFO] console - 正在抓取第450条,一共1805条
[2017-04-20 18:10:42.213] [INFO] console - 正在抓取第500条,一共1805条
[2017-04-20 18:10:42.214] [INFO] console - 正在抓取第550条,一共1805条
[2017-04-20 18:10:42.217] [INFO] console - 正在抓取第600条,一共1805条
[2017-04-20 18:10:42.218] [INFO] console - 正在抓取第650条,一共1805条
[2017-04-20 18:10:42.219] [INFO] console - 正在抓取第700条,一共1805条
[2017-04-20 18:10:42.220] [INFO] console - 正在抓取第750条,一共1805条
[2017-04-20 18:10:42.223] [INFO] console - 正在抓取第800条,一共1805条
[2017-04-20 18:10:42.226] [INFO] console - 正在抓取第850条,一共1805条
[2017-04-20 18:10:42.228] [INFO] console - 正在抓取第900条,一共1805条
[2017-04-20 18:10:42.229] [INFO] console - 正在抓取第950条,一共1805条
[2017-04-20 18:10:42.231] [INFO] console - 正在抓取第1000条,一共1805条
[2017-04-20 18:10:42.231] [INFO] console - 正在抓取第1050条,一共1805条
[2017-04-20 18:10:42.232] [INFO] console - 正在抓取第1100条,一共1805条
[2017-04-20 18:10:42.233] [INFO] console - 正在抓取第1150条,一共1805条
[2017-04-20 18:10:42.234] [INFO] console - 正在抓取第1200条,一共1805条
[2017-04-20 18:10:42.235] [INFO] console - 正在抓取第1250条,一共1805条
[2017-04-20 18:10:42.236] [INFO] console - 正在抓取第1300条,一共1805条
[2017-04-20 18:10:42.237] [INFO] console - 正在抓取第1350条,一共1805条
[2017-04-20 18:10:42.238] [INFO] console - 正在抓取第1400条,一共1805条
[2017-04-20 18:10:42.238] [INFO] console - 正在抓取第1450条,一共1805条
[2017-04-20 18:10:42.239] [INFO] console - 正在抓取第1500条,一共1805条
[2017-04-20 18:10:42.240] [INFO] console - 正在抓取第1550条,一共1805条
[2017-04-20 18:10:42.241] [INFO] console - 正在抓取第1600条,一共1805条
[2017-04-20 18:10:42.243] [INFO] console - 正在抓取第1650条,一共1805条
[2017-04-20 18:10:42.243] [INFO] console - 正在抓取第1700条,一共1805条
[2017-04-20 18:10:42.244] [INFO] console - 正在抓取第1750条,一共1805条
[2017-04-20 18:10:42.246] [INFO] console - 正在抓取第1800条,一共1805条
[2017-04-20 18:10:42.246] [INFO] console - 正在抓取第1850条,一共1805条
[2017-04-20 18:10:42.247] [INFO] console - 抓取完成
[2017-04-20 18:10:42.247] [INFO] console - 开始抓取: "new-aidemilan": 
[2017-04-20 18:10:42.248] [INFO] console - undefined
[2017-04-20 18:10:42.249] [INFO] console - "new-aidemilan" 共有: 0 条视频
[2017-04-20 18:10:42.250] [INFO] console - 正在抓取第0条,一共0条
[2017-04-20 18:10:42.251] [INFO] console - 抓取完成
[2017-04-20 18:11:50.579] [INFO] console - 开始抓取: "m37536034": 
[2017-04-20 18:11:50.637] [INFO] console - undefined
[2017-04-20 18:11:50.639] [INFO] console - "m37536034" 共有: 0 条视频
[2017-04-20 18:11:50.639] [INFO] console - 正在抓取第0条,一共0条
[2017-04-20 18:11:50.646] [INFO] console - 抓取完成
[2017-04-20 18:11:50.647] [INFO] console - 开始抓取: "new-aidemilan": 
[2017-04-20 18:11:50.650] [INFO] console - undefined
[2017-04-20 18:11:50.650] [INFO] console - "new-aidemilan" 共有: 0 条视频
[2017-04-20 18:11:50.650] [INFO] console - 正在抓取第0条,一共0条
[2017-04-20 18:11:50.653] [INFO] console - 抓取完成
[2017-04-20 18:12:46.580] [INFO] console - 开始抓取: "m37536034": 
[2017-04-20 18:12:46.610] [INFO] console - undefined
[2017-04-20 18:12:46.611] [INFO] console - "m37536034" 共有: 0 条视频
[2017-04-20 18:12:46.611] [INFO] console - 正在抓取第0条,一共0条
[2017-04-20 18:12:46.617] [INFO] console - 抓取完成
[2017-04-20 18:12:46.617] [INFO] console - 开始抓取: "new-aidemilan": 
[2017-04-20 18:12:46.620] [INFO] console - undefined
[2017-04-20 18:12:46.620] [INFO] console - "new-aidemilan" 共有: 0 条视频
[2017-04-20 18:12:46.620] [INFO] console - 正在抓取第0条,一共0条
[2017-04-20 18:12:46.621] [INFO] console - 抓取完成
[2017-04-20 18:13:53.870] [INFO] console - 开始抓取: "m37536034": 
[2017-04-20 18:13:56.935] [INFO] console - "m37536034" 共有: 1805 条视频
[2017-04-20 18:13:56.935] [INFO] console - 正在抓取第0条,一共1805条
[2017-04-20 18:13:56.942] [INFO] console - 正在抓取第50条,一共1805条
[2017-04-20 18:13:56.944] [INFO] console - 正在抓取第100条,一共1805条
[2017-04-20 18:13:56.945] [INFO] console - 正在抓取第150条,一共1805条
[2017-04-20 18:13:56.946] [INFO] console - 正在抓取第200条,一共1805条
[2017-04-20 18:13:56.947] [INFO] console - 正在抓取第250条,一共1805条
[2017-04-20 18:13:56.949] [INFO] console - 正在抓取第300条,一共1805条
[2017-04-20 18:13:56.950] [INFO] console - 正在抓取第350条,一共1805条
[2017-04-20 18:13:56.952] [INFO] console - 正在抓取第400条,一共1805条
[2017-04-20 18:13:56.953] [INFO] console - 正在抓取第450条,一共1805条
[2017-04-20 18:13:56.954] [INFO] console - 正在抓取第500条,一共1805条
[2017-04-20 18:13:56.955] [INFO] console - 正在抓取第550条,一共1805条
[2017-04-20 18:13:56.957] [INFO] console - 正在抓取第600条,一共1805条
[2017-04-20 18:13:56.958] [INFO] console - 正在抓取第650条,一共1805条
[2017-04-20 18:13:56.959] [INFO] console - 正在抓取第700条,一共1805条
[2017-04-20 18:13:56.960] [INFO] console - 正在抓取第750条,一共1805条
[2017-04-20 18:13:56.961] [INFO] console - 正在抓取第800条,一共1805条
[2017-04-20 18:13:56.963] [INFO] console - 正在抓取第850条,一共1805条
[2017-04-20 18:13:56.964] [INFO] console - 正在抓取第900条,一共1805条
[2017-04-20 18:13:56.965] [INFO] console - 正在抓取第950条,一共1805条
[2017-04-20 18:13:56.967] [INFO] console - 正在抓取第1000条,一共1805条
[2017-04-20 18:13:56.968] [INFO] console - 正在抓取第1050条,一共1805条
[2017-04-20 18:13:56.970] [INFO] console - 正在抓取第1100条,一共1805条
[2017-04-20 18:13:56.972] [INFO] console - 正在抓取第1150条,一共1805条
[2017-04-20 18:13:56.973] [INFO] console - 正在抓取第1200条,一共1805条
[2017-04-20 18:13:56.974] [INFO] console - 正在抓取第1250条,一共1805条
[2017-04-20 18:13:56.975] [INFO] console - 正在抓取第1300条,一共1805条
[2017-04-20 18:13:56.976] [INFO] console - 正在抓取第1350条,一共1805条
[2017-04-20 18:13:56.977] [INFO] console - 正在抓取第1400条,一共1805条
[2017-04-20 18:13:56.978] [INFO] console - 正在抓取第1450条,一共1805条
[2017-04-20 18:13:56.980] [INFO] console - 正在抓取第1500条,一共1805条
[2017-04-20 18:13:56.981] [INFO] console - 正在抓取第1550条,一共1805条
[2017-04-20 18:13:56.982] [INFO] console - 正在抓取第1600条,一共1805条
[2017-04-20 18:13:56.982] [INFO] console - 正在抓取第1650条,一共1805条
[2017-04-20 18:13:56.983] [INFO] console - 正在抓取第1700条,一共1805条
[2017-04-20 18:13:56.984] [INFO] console - 正在抓取第1750条,一共1805条
[2017-04-20 18:13:56.985] [INFO] console - 正在抓取第1800条,一共1805条
[2017-04-20 18:13:56.986] [INFO] console - 正在抓取第1850条,一共1805条
[2017-04-20 18:13:56.989] [INFO] console - 抓取完成
[2017-04-20 18:13:56.989] [INFO] console - 开始抓取: "new-aidemilan": 
[2017-04-20 18:13:56.990] [INFO] console - undefined
[2017-04-20 18:13:56.991] [INFO] console - "new-aidemilan" 共有: 0 条视频
[2017-04-20 18:13:56.991] [INFO] console - 正在抓取第0条,一共0条
[2017-04-20 18:13:56.992] [INFO] console - 抓取完成
[2017-04-20 18:17:50.477] [INFO] console - 开始抓取: "m37536034": 
[2017-04-20 18:17:50.506] [INFO] console - undefined
[2017-04-20 18:17:50.507] [INFO] console - "m37536034" 共有: 0 条视频
[2017-04-20 18:17:50.507] [INFO] console - 正在抓取第0条,一共0条
[2017-04-20 18:17:50.511] [INFO] console - 抓取完成
[2017-04-20 18:17:50.511] [INFO] console - 开始抓取: "new-aidemilan": 
[2017-04-20 18:17:50.513] [INFO] console - undefined
[2017-04-20 18:17:50.513] [INFO] console - "new-aidemilan" 共有: 0 条视频
[2017-04-20 18:17:50.514] [INFO] console - 正在抓取第0条,一共0条
[2017-04-20 18:17:50.515] [INFO] console - 抓取完成
[2017-04-20 18:18:17.321] [INFO] console - 开始抓取: "m37536034": 
[2017-04-20 18:18:22.551] [INFO] console - "m37536034" 共有: 1805 条视频
[2017-04-20 18:18:22.552] [INFO] console - 正在抓取第0条,一共1805条
[2017-04-20 18:18:22.559] [INFO] console - 正在抓取第50条,一共1805条
[2017-04-20 18:18:22.561] [INFO] console - 正在抓取第100条,一共1805条
[2017-04-20 18:18:22.562] [INFO] console - 正在抓取第150条,一共1805条
[2017-04-20 18:18:22.564] [INFO] console - 正在抓取第200条,一共1805条
[2017-04-20 18:18:22.565] [INFO] console - 正在抓取第250条,一共1805条
[2017-04-20 18:18:22.567] [INFO] console - 正在抓取第300条,一共1805条
[2017-04-20 18:18:22.568] [INFO] console - 正在抓取第350条,一共1805条
[2017-04-20 18:18:22.570] [INFO] console - 正在抓取第400条,一共1805条
[2017-04-20 18:18:22.571] [INFO] console - 正在抓取第450条,一共1805条
[2017-04-20 18:18:22.573] [INFO] console - 正在抓取第500条,一共1805条
[2017-04-20 18:18:22.574] [INFO] console - 正在抓取第550条,一共1805条
[2017-04-20 18:18:22.576] [INFO] console - 正在抓取第600条,一共1805条
[2017-04-20 18:18:22.577] [INFO] console - 正在抓取第650条,一共1805条
[2017-04-20 18:18:22.578] [INFO] console - 正在抓取第700条,一共1805条
[2017-04-20 18:18:22.580] [INFO] console - 正在抓取第750条,一共1805条
[2017-04-20 18:18:22.581] [INFO] console - 正在抓取第800条,一共1805条
[2017-04-20 18:18:22.584] [INFO] console - 正在抓取第850条,一共1805条
[2017-04-20 18:18:22.585] [INFO] console - 正在抓取第900条,一共1805条
[2017-04-20 18:18:22.587] [INFO] console - 正在抓取第950条,一共1805条
[2017-04-20 18:18:22.588] [INFO] console - 正在抓取第1000条,一共1805条
[2017-04-20 18:18:22.589] [INFO] console - 正在抓取第1050条,一共1805条
[2017-04-20 18:18:22.591] [INFO] console - 正在抓取第1100条,一共1805条
[2017-04-20 18:18:22.592] [INFO] console - 正在抓取第1150条,一共1805条
[2017-04-20 18:18:22.593] [INFO] console - 正在抓取第1200条,一共1805条
[2017-04-20 18:18:22.594] [INFO] console - 正在抓取第1250条,一共1805条
[2017-04-20 18:18:22.595] [INFO] console - 正在抓取第1300条,一共1805条
[2017-04-20 18:18:22.596] [INFO] console - 正在抓取第1350条,一共1805条
[2017-04-20 18:18:22.597] [INFO] console - 正在抓取第1400条,一共1805条
[2017-04-20 18:18:22.598] [INFO] console - 正在抓取第1450条,一共1805条
[2017-04-20 18:18:22.599] [INFO] console - 正在抓取第1500条,一共1805条
[2017-04-20 18:18:22.600] [INFO] console - 正在抓取第1550条,一共1805条
[2017-04-20 18:18:22.601] [INFO] console - 正在抓取第1600条,一共1805条
[2017-04-20 18:18:22.602] [INFO] console - 正在抓取第1650条,一共1805条
[2017-04-20 18:18:22.604] [INFO] console - 正在抓取第1700条,一共1805条
[2017-04-20 18:18:22.605] [INFO] console - 正在抓取第1750条,一共1805条
[2017-04-20 18:18:22.605] [INFO] console - 正在抓取第1800条,一共1805条
[2017-04-20 18:18:22.606] [INFO] console - 正在抓取第1850条,一共1805条
[2017-04-20 18:18:22.608] [INFO] console - 抓取完成
[2017-04-20 18:18:22.608] [INFO] console - 开始抓取: "new-aidemilan": 
[2017-04-20 18:18:22.609] [INFO] console - undefined
[2017-04-20 18:18:22.610] [INFO] console - "new-aidemilan" 共有: 0 条视频
[2017-04-20 18:18:22.610] [INFO] console - 正在抓取第0条,一共0条
[2017-04-20 18:18:22.611] [INFO] console - 抓取完成
[2017-04-20 18:18:47.179] [INFO] console - 开始抓取: "m37536034": 
[2017-04-20 18:18:50.311] [INFO] console - "m37536034" 共有: 1805 条视频
[2017-04-20 18:18:50.312] [INFO] console - 正在抓取第0条,一共1805条
[2017-04-20 18:18:50.318] [INFO] console - 正在抓取第50条,一共1805条
[2017-04-20 18:18:50.320] [INFO] console - 正在抓取第100条,一共1805条
[2017-04-20 18:18:50.321] [INFO] console - 正在抓取第150条,一共1805条
[2017-04-20 18:18:50.323] [INFO] console - 正在抓取第200条,一共1805条
[2017-04-20 18:18:50.324] [INFO] console - 正在抓取第250条,一共1805条
[2017-04-20 18:18:50.325] [INFO] console - 正在抓取第300条,一共1805条
[2017-04-20 18:18:50.327] [INFO] console - 正在抓取第350条,一共1805条
[2017-04-20 18:18:50.328] [INFO] console - 正在抓取第400条,一共1805条
[2017-04-20 18:18:50.329] [INFO] console - 正在抓取第450条,一共1805条
[2017-04-20 18:18:50.330] [INFO] console - 正在抓取第500条,一共1805条
[2017-04-20 18:18:50.332] [INFO] console - 正在抓取第550条,一共1805条
[2017-04-20 18:18:50.334] [INFO] console - 正在抓取第600条,一共1805条
[2017-04-20 18:18:50.335] [INFO] console - 正在抓取第650条,一共1805条
[2017-04-20 18:18:50.336] [INFO] console - 正在抓取第700条,一共1805条
[2017-04-20 18:18:50.337] [INFO] console - 正在抓取第750条,一共1805条
[2017-04-20 18:18:50.338] [INFO] console - 正在抓取第800条,一共1805条
[2017-04-20 18:18:50.341] [INFO] console - 正在抓取第850条,一共1805条
[2017-04-20 18:18:50.342] [INFO] console - 正在抓取第900条,一共1805条
[2017-04-20 18:18:50.344] [INFO] console - 正在抓取第950条,一共1805条
[2017-04-20 18:18:50.345] [INFO] console - 正在抓取第1000条,一共1805条
[2017-04-20 18:18:50.347] [INFO] console - 正在抓取第1050条,一共1805条
[2017-04-20 18:18:50.349] [INFO] console - 正在抓取第1100条,一共1805条
[2017-04-20 18:18:50.350] [INFO] console - 正在抓取第1150条,一共1805条
[2017-04-20 18:18:50.351] [INFO] console - 正在抓取第1200条,一共1805条
[2017-04-20 18:18:50.352] [INFO] console - 正在抓取第1250条,一共1805条
[2017-04-20 18:18:50.353] [INFO] console - 正在抓取第1300条,一共1805条
[2017-04-20 18:18:50.354] [INFO] console - 正在抓取第1350条,一共1805条
[2017-04-20 18:18:50.355] [INFO] console - 正在抓取第1400条,一共1805条
[2017-04-20 18:18:50.356] [INFO] console - 正在抓取第1450条,一共1805条
[2017-04-20 18:18:50.357] [INFO] console - 正在抓取第1500条,一共1805条
[2017-04-20 18:18:50.359] [INFO] console - 正在抓取第1550条,一共1805条
[2017-04-20 18:18:50.360] [INFO] console - 正在抓取第1600条,一共1805条
[2017-04-20 18:18:50.361] [INFO] console - 正在抓取第1650条,一共1805条
[2017-04-20 18:18:50.362] [INFO] console - 正在抓取第1700条,一共1805条
[2017-04-20 18:18:50.363] [INFO] console - 正在抓取第1750条,一共1805条
[2017-04-20 18:18:50.364] [INFO] console - 正在抓取第1800条,一共1805条
[2017-04-20 18:18:50.365] [INFO] console - 正在抓取第1850条,一共1805条
[2017-04-20 18:18:50.367] [INFO] console - 抓取完成
[2017-04-20 18:18:50.367] [INFO] console - 开始抓取: "new-aidemilan": 
[2017-04-20 18:18:50.368] [INFO] console - undefined
[2017-04-20 18:18:50.369] [INFO] console - "new-aidemilan" 共有: 0 条视频
[2017-04-20 18:18:50.369] [INFO] console - 正在抓取第0条,一共0条
[2017-04-20 18:18:50.370] [INFO] console - 抓取完成
[2017-04-20 18:19:17.907] [INFO] console - 开始抓取: "m37536034": 
[2017-04-20 18:19:21.209] [INFO] console - "m37536034" 共有: 1805 条视频
[2017-04-20 18:19:21.210] [INFO] console - 正在抓取第0条,一共1805条
[2017-04-20 18:19:26.589] [INFO] console - 正在抓取第50条,一共1805条
[2017-04-20 18:19:26.604] [INFO] console - 正在抓取第100条,一共1805条
[2017-04-20 18:19:26.607] [INFO] console - 正在抓取第150条,一共1805条
[2017-04-20 18:19:26.610] [INFO] console - 正在抓取第200条,一共1805条
[2017-04-20 18:19:26.614] [INFO] console - 正在抓取第250条,一共1805条
[2017-04-20 18:19:26.616] [INFO] console - 正在抓取第300条,一共1805条
[2017-04-20 18:19:26.618] [INFO] console - 正在抓取第350条,一共1805条
[2017-04-20 18:19:26.620] [INFO] console - 正在抓取第400条,一共1805条
[2017-04-20 18:19:26.624] [INFO] console - 正在抓取第450条,一共1805条
[2017-04-20 18:19:26.626] [INFO] console - 正在抓取第500条,一共1805条
[2017-04-20 18:19:26.627] [INFO] console - 正在抓取第550条,一共1805条
[2017-04-20 18:19:26.628] [INFO] console - 正在抓取第600条,一共1805条
[2017-04-20 18:19:26.629] [INFO] console - 正在抓取第650条,一共1805条
[2017-04-20 18:19:26.630] [INFO] console - 正在抓取第700条,一共1805条
[2017-04-20 18:19:26.631] [INFO] console - 正在抓取第750条,一共1805条
[2017-04-20 18:19:26.632] [INFO] console - 正在抓取第800条,一共1805条
[2017-04-20 18:19:26.635] [INFO] console - 正在抓取第850条,一共1805条
[2017-04-20 18:19:26.637] [INFO] console - 正在抓取第900条,一共1805条
[2017-04-20 18:19:26.639] [INFO] console - 正在抓取第950条,一共1805条
[2017-04-20 18:19:26.641] [INFO] console - 正在抓取第1000条,一共1805条
[2017-04-20 18:19:26.642] [INFO] console - 正在抓取第1050条,一共1805条
[2017-04-20 18:19:26.644] [INFO] console - 正在抓取第1100条,一共1805条
[2017-04-20 18:19:26.645] [INFO] console - 正在抓取第1150条,一共1805条
[2017-04-20 18:19:26.645] [INFO] console - 正在抓取第1200条,一共1805条
[2017-04-20 18:19:26.646] [INFO] console - 正在抓取第1250条,一共1805条
[2017-04-20 18:19:26.647] [INFO] console - 正在抓取第1300条,一共1805条
[2017-04-20 18:19:26.648] [INFO] console - 正在抓取第1350条,一共1805条
[2017-04-20 18:19:26.648] [INFO] console - 正在抓取第1400条,一共1805条
[2017-04-20 18:19:26.649] [INFO] console - 正在抓取第1450条,一共1805条
[2017-04-20 18:19:26.650] [INFO] console - 正在抓取第1500条,一共1805条
[2017-04-20 18:19:26.651] [INFO] console - 正在抓取第1550条,一共1805条
[2017-04-20 18:19:26.652] [INFO] console - 正在抓取第1600条,一共1805条
[2017-04-20 18:19:26.653] [INFO] console - 正在抓取第1650条,一共1805条
[2017-04-20 18:19:26.654] [INFO] console - 正在抓取第1700条,一共1805条
[2017-04-20 18:19:26.655] [INFO] console - 正在抓取第1750条,一共1805条
[2017-04-20 18:19:26.656] [INFO] console - 正在抓取第1800条,一共1805条
[2017-04-20 18:19:26.657] [INFO] console - 正在抓取第1850条,一共1805条
[2017-04-20 18:19:26.657] [INFO] console - 抓取完成
[2017-04-20 18:19:26.658] [INFO] console - 开始抓取: "new-aidemilan": 
[2017-04-20 18:19:26.659] [INFO] console - undefined
[2017-04-20 18:19:26.660] [INFO] console - "new-aidemilan" 共有: 0 条视频
[2017-04-20 18:19:26.660] [INFO] console - 正在抓取第0条,一共0条
[2017-04-20 18:19:26.661] [INFO] console - 抓取完成
[2017-04-20 18:20:51.890] [INFO] console - 开始抓取: "m37536034": 
[2017-04-20 18:20:56.968] [INFO] console - "m37536034" 共有: 1805 条视频
[2017-04-20 18:20:56.969] [INFO] console - 正在抓取第0条,一共1805条
[2017-04-20 18:20:56.976] [INFO] console - 正在抓取第50条,一共1805条
[2017-04-20 18:21:01.317] [INFO] console - 正在抓取第100条,一共1805条
[2017-04-20 18:21:01.332] [INFO] console - 正在抓取第150条,一共1805条
[2017-04-20 18:21:01.335] [INFO] console - 正在抓取第200条,一共1805条
[2017-04-20 18:21:01.338] [INFO] console - 正在抓取第250条,一共1805条
[2017-04-20 18:21:01.343] [INFO] console - 正在抓取第300条,一共1805条
[2017-04-20 18:21:01.346] [INFO] console - 正在抓取第350条,一共1805条
[2017-04-20 18:21:01.348] [INFO] console - 正在抓取第400条,一共1805条
[2017-04-20 18:21:01.350] [INFO] console - 正在抓取第450条,一共1805条
[2017-04-20 18:21:01.356] [INFO] console - 正在抓取第500条,一共1805条
[2017-04-20 18:21:01.357] [INFO] console - 正在抓取第550条,一共1805条
[2017-04-20 18:21:01.358] [INFO] console - 正在抓取第600条,一共1805条
[2017-04-20 18:21:01.362] [INFO] console - 正在抓取第650条,一共1805条
[2017-04-20 18:21:01.363] [INFO] console - 正在抓取第700条,一共1805条
[2017-04-20 18:21:01.364] [INFO] console - 正在抓取第750条,一共1805条
[2017-04-20 18:21:01.365] [INFO] console - 正在抓取第800条,一共1805条
[2017-04-20 18:21:01.368] [INFO] console - 正在抓取第850条,一共1805条
[2017-04-20 18:21:01.369] [INFO] console - 正在抓取第900条,一共1805条
[2017-04-20 18:21:01.371] [INFO] console - 正在抓取第950条,一共1805条
[2017-04-20 18:21:01.372] [INFO] console - 正在抓取第1000条,一共1805条
[2017-04-20 18:21:01.374] [INFO] console - 正在抓取第1050条,一共1805条
[2017-04-20 18:21:01.375] [INFO] console - 正在抓取第1100条,一共1805条
[2017-04-20 18:21:01.376] [INFO] console - 正在抓取第1150条,一共1805条
[2017-04-20 18:21:01.377] [INFO] console - 正在抓取第1200条,一共1805条
[2017-04-20 18:21:01.377] [INFO] console - 正在抓取第1250条,一共1805条
[2017-04-20 18:21:01.378] [INFO] console - 正在抓取第1300条,一共1805条
[2017-04-20 18:21:01.379] [INFO] console - 正在抓取第1350条,一共1805条
[2017-04-20 18:21:01.380] [INFO] console - 正在抓取第1400条,一共1805条
[2017-04-20 18:21:01.381] [INFO] console - 正在抓取第1450条,一共1805条
[2017-04-20 18:21:01.382] [INFO] console - 正在抓取第1500条,一共1805条
[2017-04-20 18:21:01.384] [INFO] console - 正在抓取第1550条,一共1805条
[2017-04-20 18:21:01.385] [INFO] console - 正在抓取第1600条,一共1805条
[2017-04-20 18:21:01.386] [INFO] console - 正在抓取第1650条,一共1805条
[2017-04-20 18:21:01.387] [INFO] console - 正在抓取第1700条,一共1805条
[2017-04-20 18:21:01.388] [INFO] console - 正在抓取第1750条,一共1805条
[2017-04-20 18:21:01.390] [INFO] console - 正在抓取第1800条,一共1805条
[2017-04-20 18:21:01.391] [INFO] console - 正在抓取第1850条,一共1805条
[2017-04-20 18:21:01.392] [INFO] console - 抓取完成
[2017-04-20 18:21:01.392] [INFO] console - 开始抓取: "new-aidemilan": 
[2017-04-20 18:21:01.394] [INFO] console - undefined
[2017-04-20 18:21:01.395] [INFO] console - "new-aidemilan" 共有: 0 条视频
[2017-04-20 18:21:01.395] [INFO] console - 正在抓取第0条,一共0条
[2017-04-20 18:21:01.396] [INFO] console - 抓取完成
