[2017-04-17 16:59:54.366] [INFO] console - 抓取分类:5
[2017-04-17 16:59:55.208] [INFO] console - null
[2017-04-17 17:00:06.259] [INFO] console - 开始下载: tumblr_oia9biaSUi1vlv325
[2017-04-17 17:00:06.262] [INFO] console - 开始下载: tumblr_o4n47rN7Cy1tu04nu
[2017-04-17 17:00:17.732] [INFO] console - 开始抓取: "m37536034": 
[2017-04-17 17:00:21.065] [INFO] console - "m37536034" 共有: 1806 条视频
[2017-04-17 17:00:21.065] [INFO] console - 正在抓取第0条,一共1806条
[2017-04-17 17:00:21.257] [INFO] console - 正在抓取第50条,一共1806条
[2017-04-17 17:00:21.260] [INFO] console - 正在抓取第100条,一共1806条
[2017-04-17 17:00:21.262] [INFO] console - 正在抓取第150条,一共1806条
[2017-04-17 17:00:21.263] [INFO] console - 正在抓取第200条,一共1806条
[2017-04-17 17:00:21.265] [INFO] console - 正在抓取第250条,一共1806条
[2017-04-17 17:00:21.267] [INFO] console - 正在抓取第300条,一共1806条
[2017-04-17 17:00:21.268] [INFO] console - 正在抓取第350条,一共1806条
[2017-04-17 17:00:21.271] [INFO] console - 正在抓取第400条,一共1806条
[2017-04-17 17:00:21.272] [INFO] console - 正在抓取第450条,一共1806条
[2017-04-17 17:00:21.274] [INFO] console - 正在抓取第500条,一共1806条
[2017-04-17 17:00:21.276] [INFO] console - 正在抓取第550条,一共1806条
[2017-04-17 17:00:21.278] [INFO] console - 正在抓取第600条,一共1806条
[2017-04-17 17:00:21.280] [INFO] console - 正在抓取第650条,一共1806条
[2017-04-17 17:00:21.281] [INFO] console - 正在抓取第700条,一共1806条
[2017-04-17 17:00:21.283] [INFO] console - 正在抓取第750条,一共1806条
[2017-04-17 17:00:21.285] [INFO] console - 正在抓取第800条,一共1806条
[2017-04-17 17:00:21.288] [INFO] console - 正在抓取第850条,一共1806条
[2017-04-17 17:00:21.290] [INFO] console - 正在抓取第900条,一共1806条
[2017-04-17 17:00:21.293] [INFO] console - 正在抓取第950条,一共1806条
[2017-04-17 17:00:21.294] [INFO] console - 正在抓取第1000条,一共1806条
[2017-04-17 17:00:21.296] [INFO] console - 正在抓取第1050条,一共1806条
[2017-04-17 17:00:21.298] [INFO] console - 正在抓取第1100条,一共1806条
[2017-04-17 17:00:21.299] [INFO] console - 正在抓取第1150条,一共1806条
[2017-04-17 17:00:21.300] [INFO] console - 正在抓取第1200条,一共1806条
[2017-04-17 17:00:21.302] [INFO] console - 正在抓取第1250条,一共1806条
[2017-04-17 17:00:21.303] [INFO] console - 正在抓取第1300条,一共1806条
[2017-04-17 17:00:21.305] [INFO] console - 正在抓取第1350条,一共1806条
[2017-04-17 17:00:21.308] [INFO] console - 正在抓取第1400条,一共1806条
[2017-04-17 17:00:21.309] [INFO] console - 正在抓取第1450条,一共1806条
[2017-04-17 17:00:21.310] [INFO] console - 正在抓取第1500条,一共1806条
[2017-04-17 17:00:21.311] [INFO] console - 正在抓取第1550条,一共1806条
[2017-04-17 17:00:21.312] [INFO] console - 正在抓取第1600条,一共1806条
[2017-04-17 17:00:21.314] [INFO] console - 正在抓取第1650条,一共1806条
[2017-04-17 17:00:21.315] [INFO] console - 正在抓取第1700条,一共1806条
[2017-04-17 17:00:21.321] [INFO] console - 正在抓取第1750条,一共1806条
[2017-04-17 17:00:21.323] [INFO] console - 正在抓取第1800条,一共1806条
[2017-04-17 17:00:21.324] [INFO] console - 正在抓取第1850条,一共1806条
[2017-04-17 17:00:21.325] [INFO] console - 抓取完成
[2017-04-17 17:00:21.326] [INFO] console - 开始抓取: "new-aidemilan": 
[2017-04-17 17:00:27.365] [INFO] console - 开始抓取: "m37536034": 
[2017-04-17 17:00:30.419] [INFO] console - "m37536034" 共有: 1806 条视频
[2017-04-17 17:00:30.420] [INFO] console - 正在抓取第0条,一共1806条
[2017-04-17 17:00:30.614] [INFO] console - 正在抓取第50条,一共1806条
[2017-04-17 17:00:30.617] [INFO] console - 正在抓取第100条,一共1806条
[2017-04-17 17:00:30.619] [INFO] console - 正在抓取第150条,一共1806条
[2017-04-17 17:00:30.621] [INFO] console - 正在抓取第200条,一共1806条
[2017-04-17 17:00:30.623] [INFO] console - 正在抓取第250条,一共1806条
[2017-04-17 17:00:30.625] [INFO] console - 正在抓取第300条,一共1806条
[2017-04-17 17:00:30.626] [INFO] console - 正在抓取第350条,一共1806条
[2017-04-17 17:00:30.628] [INFO] console - 正在抓取第400条,一共1806条
[2017-04-17 17:00:30.630] [INFO] console - 正在抓取第450条,一共1806条
[2017-04-17 17:00:30.634] [INFO] console - 正在抓取第500条,一共1806条
[2017-04-17 17:00:30.637] [INFO] console - 正在抓取第550条,一共1806条
[2017-04-17 17:00:30.639] [INFO] console - 正在抓取第600条,一共1806条
[2017-04-17 17:00:30.640] [INFO] console - 正在抓取第650条,一共1806条
[2017-04-17 17:00:30.642] [INFO] console - 正在抓取第700条,一共1806条
[2017-04-17 17:00:30.644] [INFO] console - 正在抓取第750条,一共1806条
[2017-04-17 17:00:30.646] [INFO] console - 正在抓取第800条,一共1806条
[2017-04-17 17:00:30.648] [INFO] console - 正在抓取第850条,一共1806条
[2017-04-17 17:00:30.650] [INFO] console - 正在抓取第900条,一共1806条
[2017-04-17 17:00:30.652] [INFO] console - 正在抓取第950条,一共1806条
[2017-04-17 17:00:30.654] [INFO] console - 正在抓取第1000条,一共1806条
[2017-04-17 17:00:30.656] [INFO] console - 正在抓取第1050条,一共1806条
[2017-04-17 17:00:30.657] [INFO] console - 正在抓取第1100条,一共1806条
[2017-04-17 17:00:30.659] [INFO] console - 正在抓取第1150条,一共1806条
[2017-04-17 17:00:30.660] [INFO] console - 正在抓取第1200条,一共1806条
[2017-04-17 17:00:30.661] [INFO] console - 正在抓取第1250条,一共1806条
[2017-04-17 17:00:30.663] [INFO] console - 正在抓取第1300条,一共1806条
[2017-04-17 17:00:30.664] [INFO] console - 正在抓取第1350条,一共1806条
[2017-04-17 17:00:30.665] [INFO] console - 正在抓取第1400条,一共1806条
[2017-04-17 17:00:30.668] [INFO] console - 正在抓取第1450条,一共1806条
[2017-04-17 17:00:30.669] [INFO] console - 正在抓取第1500条,一共1806条
[2017-04-17 17:00:30.670] [INFO] console - 正在抓取第1550条,一共1806条
[2017-04-17 17:00:30.672] [INFO] console - 正在抓取第1600条,一共1806条
[2017-04-17 17:00:30.674] [INFO] console - 正在抓取第1650条,一共1806条
[2017-04-17 17:00:30.683] [INFO] console - 正在抓取第1700条,一共1806条
[2017-04-17 17:00:30.686] [INFO] console - 正在抓取第1750条,一共1806条
[2017-04-17 17:00:30.689] [INFO] console - 正在抓取第1800条,一共1806条
[2017-04-17 17:00:30.690] [INFO] console - 正在抓取第1850条,一共1806条
[2017-04-17 17:00:30.691] [INFO] console - 抓取完成
[2017-04-17 17:00:30.691] [INFO] console - 开始抓取: "new-aidemilan": 
[2017-04-17 17:01:46.802] [INFO] console - 开始抓取: "m37536034": 
[2017-04-17 17:01:49.356] [INFO] console - "m37536034" 共有: 1806 条视频
[2017-04-17 17:01:49.357] [INFO] console - 正在抓取第0条,一共1806条
[2017-04-17 17:01:49.545] [INFO] console - 正在抓取第50条,一共1806条
[2017-04-17 17:01:49.549] [INFO] console - 正在抓取第100条,一共1806条
[2017-04-17 17:01:49.551] [INFO] console - 正在抓取第150条,一共1806条
[2017-04-17 17:01:49.554] [INFO] console - 正在抓取第200条,一共1806条
[2017-04-17 17:01:49.556] [INFO] console - 正在抓取第250条,一共1806条
[2017-04-17 17:01:49.560] [INFO] console - 正在抓取第300条,一共1806条
[2017-04-17 17:01:49.563] [INFO] console - 正在抓取第350条,一共1806条
[2017-04-17 17:01:49.566] [INFO] console - 正在抓取第400条,一共1806条
[2017-04-17 17:01:49.568] [INFO] console - 正在抓取第450条,一共1806条
[2017-04-17 17:01:49.570] [INFO] console - 正在抓取第500条,一共1806条
[2017-04-17 17:01:49.573] [INFO] console - 正在抓取第550条,一共1806条
[2017-04-17 17:01:49.575] [INFO] console - 正在抓取第600条,一共1806条
[2017-04-17 17:01:49.577] [INFO] console - 正在抓取第650条,一共1806条
[2017-04-17 17:01:49.579] [INFO] console - 正在抓取第700条,一共1806条
[2017-04-17 17:01:49.582] [INFO] console - 正在抓取第750条,一共1806条
[2017-04-17 17:01:49.586] [INFO] console - 正在抓取第800条,一共1806条
[2017-04-17 17:01:49.591] [INFO] console - 正在抓取第850条,一共1806条
[2017-04-17 17:01:49.593] [INFO] console - 正在抓取第900条,一共1806条
[2017-04-17 17:01:49.599] [INFO] console - 正在抓取第950条,一共1806条
[2017-04-17 17:01:49.603] [INFO] console - 正在抓取第1000条,一共1806条
[2017-04-17 17:01:49.606] [INFO] console - 正在抓取第1050条,一共1806条
[2017-04-17 17:01:49.608] [INFO] console - 正在抓取第1100条,一共1806条
[2017-04-17 17:01:49.609] [INFO] console - 正在抓取第1150条,一共1806条
[2017-04-17 17:01:49.613] [INFO] console - 正在抓取第1200条,一共1806条
[2017-04-17 17:01:49.617] [INFO] console - 正在抓取第1250条,一共1806条
[2017-04-17 17:01:49.620] [INFO] console - 正在抓取第1300条,一共1806条
[2017-04-17 17:01:49.624] [INFO] console - 正在抓取第1350条,一共1806条
[2017-04-17 17:01:49.627] [INFO] console - 正在抓取第1400条,一共1806条
[2017-04-17 17:01:49.629] [INFO] console - 正在抓取第1450条,一共1806条
[2017-04-17 17:01:49.632] [INFO] console - 正在抓取第1500条,一共1806条
[2017-04-17 17:01:49.634] [INFO] console - 正在抓取第1550条,一共1806条
[2017-04-17 17:01:49.637] [INFO] console - 正在抓取第1600条,一共1806条
[2017-04-17 17:01:49.638] [INFO] console - 正在抓取第1650条,一共1806条
[2017-04-17 17:01:49.640] [INFO] console - 正在抓取第1700条,一共1806条
[2017-04-17 17:01:49.641] [INFO] console - 正在抓取第1750条,一共1806条
[2017-04-17 17:01:49.648] [INFO] console - 正在抓取第1800条,一共1806条
[2017-04-17 17:01:49.651] [INFO] console - 正在抓取第1850条,一共1806条
[2017-04-17 17:01:49.652] [INFO] console - 抓取完成
[2017-04-17 17:01:49.653] [INFO] console - 开始抓取: "new-aidemilan": 
[2017-04-17 17:01:49.654] [INFO] console - undefined
[2017-04-17 17:01:49.656] [INFO] console - "new-aidemilan" 共有: 0 条视频
[2017-04-17 17:01:49.656] [INFO] console - 正在抓取第0条,一共0条
[2017-04-17 17:01:49.658] [INFO] console - 抓取完成
[2017-04-17 17:02:32.903] [INFO] console - 开始下载: tumblr_oia9biaSUi1vlv325
[2017-04-17 17:02:32.906] [INFO] console - 开始下载: tumblr_o4n47rN7Cy1tu04nu
[2017-04-17 17:02:38.142] [INFO] console - 开始下载: tumblr_oia9biaSUi1vlv325
[2017-04-17 17:02:38.145] [INFO] console - 开始下载: tumblr_o4n47rN7Cy1tu04nu
[2017-04-17 17:03:28.014] [INFO] console - 开始下载: tumblr_oia9biaSUi1vlv325
[2017-04-17 17:03:28.017] [INFO] console - 开始下载: tumblr_o4n47rN7Cy1tu04nu
[2017-04-17 17:03:56.733] [INFO] console - 下载完成: tumblr_oia9biaSUi1vlv325
[2017-04-17 17:03:56.737] [INFO] console - 开始下载: tumblr_o4bwvg1T7A1uxmo1u
[2017-04-17 17:08:34.735] [INFO] console - 开始下载: tumblr_o4n47rN7Cy1tu04nu
[2017-04-17 17:08:34.738] [INFO] console - 开始下载: tumblr_o4bwvg1T7A1uxmo1u
[2017-04-17 17:12:34.819] [INFO] console - 开始下载: tumblr_o4n47rN7Cy1tu04nu
[2017-04-17 17:12:34.822] [INFO] console - 开始下载: tumblr_o4bwvg1T7A1uxmo1u
[2017-04-17 17:12:40.886] [INFO] console - 开始抓取: "m37536034": 
[2017-04-17 17:12:44.371] [INFO] console - "m37536034" 共有: 1806 条视频
[2017-04-17 17:12:44.371] [INFO] console - 正在抓取第0条,一共1806条
[2017-04-17 17:12:48.198] [INFO] console - 正在抓取第50条,一共1806条
[2017-04-17 17:12:48.218] [ERROR] console - (node:59764) DeprecationWarning: Mongoose: mpromise (mongoose's default promise library) is deprecated, plug in your own promise library instead: http://mongoosejs.com/docs/promises.html
[2017-04-17 17:12:51.360] [INFO] console - 正在抓取第100条,一共1806条
[2017-04-17 17:12:54.654] [INFO] console - 正在抓取第150条,一共1806条
[2017-04-17 17:12:58.406] [INFO] console - 正在抓取第200条,一共1806条
[2017-04-17 17:13:02.244] [INFO] console - 正在抓取第250条,一共1806条
[2017-04-17 17:13:05.614] [INFO] console - 正在抓取第300条,一共1806条
[2017-04-17 17:13:09.138] [INFO] console - 正在抓取第350条,一共1806条
[2017-04-17 17:13:13.201] [INFO] console - 正在抓取第400条,一共1806条
[2017-04-17 17:13:16.547] [INFO] console - 正在抓取第450条,一共1806条
[2017-04-17 17:13:20.768] [INFO] console - 正在抓取第500条,一共1806条
[2017-04-17 17:13:34.482] [INFO] console - 正在抓取第550条,一共1806条
[2017-04-17 17:13:47.133] [INFO] console - 正在抓取第600条,一共1806条
[2017-04-17 17:13:50.569] [INFO] console - 正在抓取第650条,一共1806条
[2017-04-17 17:13:58.239] [INFO] console - 正在抓取第700条,一共1806条
[2017-04-17 17:14:05.655] [INFO] console - 正在抓取第750条,一共1806条
[2017-04-17 17:14:09.622] [INFO] console - 正在抓取第800条,一共1806条
[2017-04-17 17:14:13.052] [INFO] console - 正在抓取第850条,一共1806条
[2017-04-17 17:14:16.094] [INFO] console - 正在抓取第900条,一共1806条
[2017-04-17 17:14:22.537] [INFO] console - 正在抓取第950条,一共1806条
[2017-04-17 17:14:27.659] [INFO] console - 正在抓取第1000条,一共1806条
[2017-04-17 17:14:31.878] [INFO] console - 正在抓取第1050条,一共1806条
[2017-04-17 17:14:36.977] [INFO] console - 正在抓取第1100条,一共1806条
[2017-04-17 17:14:39.848] [INFO] console - 正在抓取第1150条,一共1806条
[2017-04-17 17:14:42.732] [INFO] console - 正在抓取第1200条,一共1806条
[2017-04-17 17:14:46.175] [INFO] console - 正在抓取第1250条,一共1806条
[2017-04-17 17:14:51.976] [INFO] console - 正在抓取第1300条,一共1806条
[2017-04-17 17:14:55.391] [INFO] console - 正在抓取第1350条,一共1806条
[2017-04-17 17:15:03.102] [INFO] console - 正在抓取第1400条,一共1806条
[2017-04-17 17:15:07.934] [INFO] console - 正在抓取第1450条,一共1806条
[2017-04-17 17:15:11.187] [INFO] console - 正在抓取第1500条,一共1806条
[2017-04-17 17:15:14.529] [INFO] console - 正在抓取第1550条,一共1806条
[2017-04-17 17:15:17.441] [INFO] console - 正在抓取第1600条,一共1806条
[2017-04-17 17:15:22.149] [INFO] console - 正在抓取第1650条,一共1806条
[2017-04-17 17:15:27.164] [INFO] console - 正在抓取第1700条,一共1806条
[2017-04-17 17:15:31.179] [INFO] console - 正在抓取第1750条,一共1806条
[2017-04-17 17:15:34.115] [INFO] console - 正在抓取第1800条,一共1806条
[2017-04-17 17:15:36.019] [INFO] console - 正在抓取第1850条,一共1806条
[2017-04-17 17:15:37.647] [INFO] console - 抓取完成
[2017-04-17 17:15:37.648] [INFO] console - 开始抓取: "new-aidemilan": 
[2017-04-17 17:15:44.799] [INFO] console - "new-aidemilan" 共有: 93 条视频
[2017-04-17 17:15:44.799] [INFO] console - 正在抓取第0条,一共93条
[2017-04-17 17:15:48.448] [INFO] console - 正在抓取第50条,一共93条
[2017-04-17 17:15:51.238] [INFO] console - 正在抓取第100条,一共93条
[2017-04-17 17:15:52.894] [INFO] console - 抓取完成
[2017-04-17 17:28:23.997] [INFO] console - 开始抓取: "m37536034": 
[2017-04-17 17:28:24.646] [INFO] console - undefined
[2017-04-17 17:28:24.649] [INFO] console - "m37536034" 共有: 0 条视频
[2017-04-17 17:28:24.649] [INFO] console - 正在抓取第0条,一共0条
[2017-04-17 17:28:25.261] [INFO] console - 抓取完成
[2017-04-17 17:28:25.261] [INFO] console - 开始抓取: "new-aidemilan": 
[2017-04-17 17:28:25.866] [INFO] console - undefined
[2017-04-17 17:28:25.867] [INFO] console - "new-aidemilan" 共有: 0 条视频
[2017-04-17 17:28:25.867] [INFO] console - 正在抓取第0条,一共0条
[2017-04-17 17:28:26.474] [INFO] console - 抓取完成
