[2017-04-01 01:34:29.476] [INFO] console - 开始抓取: "codesama": 
[2017-04-01 01:34:29.476] [INFO] console - 开始抓取: "codesama": 
[2017-04-01 01:34:34.427] [INFO] console - "codesama" 共有: 54 条视频
[2017-04-01 01:34:34.427] [INFO] console - "codesama" 共有: 54 条视频
[2017-04-01 01:34:34.428] [INFO] console - 正在抓取第0条,一共54条
[2017-04-01 01:34:34.428] [INFO] console - 正在抓取第0条,一共54条
[2017-04-01 01:34:41.218] [INFO] console - 正在抓取第50条,一共54条
[2017-04-01 01:34:41.218] [INFO] console - 正在抓取第50条,一共54条
[2017-04-01 01:34:46.137] [INFO] console - 正在抓取第100条,一共54条
[2017-04-01 01:34:46.137] [INFO] console - 正在抓取第100条,一共54条
[2017-04-01 01:34:51.662] [INFO] console - 抓取完成
[2017-04-01 01:34:51.662] [INFO] console - 抓取完成
[2017-04-01 01:34:51.691] [INFO] console - 开始下载: tumblr_o7cg2xjLVt1vpohsl
[2017-04-01 01:34:51.691] [INFO] console - 开始下载: tumblr_o7cg2xjLVt1vpohsl
[2017-04-01 01:34:51.692] [INFO] console - 开始下载: tumblr_noyq7hSO5l1svdbo2
[2017-04-01 01:34:51.692] [INFO] console - 开始下载: tumblr_noyq7hSO5l1svdbo2
[2017-04-01 01:34:51.692] [INFO] console - 开始下载: tumblr_oh8d62pqA81v6uxr6
[2017-04-01 01:34:51.692] [INFO] console - 开始下载: tumblr_oh8d62pqA81v6uxr6
[2017-04-01 01:34:51.692] [INFO] console - 开始下载: tumblr_o5hmcxxUpQ1udhe79
[2017-04-01 01:34:51.692] [INFO] console - 开始下载: tumblr_o5hmcxxUpQ1udhe79
[2017-04-01 01:34:51.693] [INFO] console - 开始下载: tumblr_nzlfhjYlMN1ukvqql
[2017-04-01 01:34:51.693] [INFO] console - 开始下载: tumblr_nzlfhjYlMN1ukvqql
[2017-04-01 01:35:16.350] [INFO] console - 开始抓取: "codesama": 
[2017-04-01 01:35:16.350] [INFO] console - 开始抓取: "codesama": 
[2017-04-01 01:35:21.395] [INFO] console - "codesama" 共有: 54 条视频
[2017-04-01 01:35:21.395] [INFO] console - "codesama" 共有: 54 条视频
[2017-04-01 01:35:21.396] [INFO] console - 正在抓取第0条,一共54条
[2017-04-01 01:35:21.396] [INFO] console - 正在抓取第0条,一共54条
[2017-04-01 01:35:29.313] [INFO] console - 正在抓取第50条,一共54条
[2017-04-01 01:35:29.313] [INFO] console - 正在抓取第50条,一共54条
[2017-04-01 01:35:33.390] [INFO] console - 正在抓取第100条,一共54条
[2017-04-01 01:35:33.390] [INFO] console - 正在抓取第100条,一共54条
[2017-04-01 01:35:38.985] [INFO] console - 开始抓取: "codesama": 
[2017-04-01 01:35:38.985] [INFO] console - 开始抓取: "codesama": 
[2017-04-01 01:35:49.420] [INFO] console - 开始抓取: "codesama": 
[2017-04-01 01:35:49.420] [INFO] console - 开始抓取: "codesama": 
[2017-04-01 01:35:58.335] [INFO] console - "codesama" 共有: 54 条视频
[2017-04-01 01:35:58.335] [INFO] console - "codesama" 共有: 54 条视频
[2017-04-01 01:35:58.336] [INFO] console - 正在抓取第0条,一共54条
[2017-04-01 01:35:58.336] [INFO] console - 正在抓取第0条,一共54条
[2017-04-01 01:36:04.504] [INFO] console - 正在抓取第50条,一共54条
[2017-04-01 01:36:04.504] [INFO] console - 正在抓取第50条,一共54条
[2017-04-01 01:36:08.478] [INFO] console - 正在抓取第100条,一共54条
[2017-04-01 01:36:08.478] [INFO] console - 正在抓取第100条,一共54条
[2017-04-01 01:36:10.598] [INFO] console - 抓取完成
[2017-04-01 01:36:10.598] [INFO] console - 抓取完成
[2017-04-01 01:36:10.631] [INFO] console - 开始下载: tumblr_o7cg2xjLVt1vpohsl
[2017-04-01 01:36:10.631] [INFO] console - 开始下载: tumblr_o7cg2xjLVt1vpohsl
[2017-04-01 01:36:10.632] [INFO] console - 开始下载: tumblr_noyq7hSO5l1svdbo2
[2017-04-01 01:36:10.632] [INFO] console - 开始下载: tumblr_noyq7hSO5l1svdbo2
[2017-04-01 01:36:10.633] [INFO] console - 开始下载: tumblr_oh8d62pqA81v6uxr6
[2017-04-01 01:36:10.633] [INFO] console - 开始下载: tumblr_oh8d62pqA81v6uxr6
[2017-04-01 01:36:10.633] [INFO] console - 开始下载: tumblr_o5hmcxxUpQ1udhe79
[2017-04-01 01:36:10.633] [INFO] console - 开始下载: tumblr_o5hmcxxUpQ1udhe79
[2017-04-01 01:36:10.634] [INFO] console - 开始下载: tumblr_nzlfhjYlMN1ukvqql
[2017-04-01 01:36:10.634] [INFO] console - 开始下载: tumblr_nzlfhjYlMN1ukvqql
[2017-04-01 01:36:35.242] [INFO] console - 开始抓取: "codesama": 
[2017-04-01 01:36:41.589] [INFO] console - "codesama" 共有: 54 条视频
[2017-04-01 01:36:41.590] [INFO] console - 正在抓取第0条,一共54条
[2017-04-01 01:36:46.274] [INFO] console - 正在抓取第50条,一共54条
[2017-04-01 01:36:49.030] [INFO] console - 正在抓取第100条,一共54条
[2017-04-01 01:36:50.652] [INFO] console - 抓取完成
[2017-04-01 01:36:50.683] [INFO] console - 开始下载: tumblr_o7cg2xjLVt1vpohsl
[2017-04-01 01:36:50.684] [INFO] console - 开始下载: tumblr_noyq7hSO5l1svdbo2
[2017-04-01 01:36:50.685] [INFO] console - 开始下载: tumblr_oh8d62pqA81v6uxr6
[2017-04-01 01:36:50.685] [INFO] console - 开始下载: tumblr_o5hmcxxUpQ1udhe79
[2017-04-01 01:36:50.685] [INFO] console - 开始下载: tumblr_nzlfhjYlMN1ukvqql
[2017-04-01 01:37:43.606] [INFO] console - 开始抓取: "caobi92xiaosaohuo": 
[2017-04-01 01:37:48.829] [INFO] console - "caobi92xiaosaohuo" 共有: 152 条视频
[2017-04-01 01:37:48.830] [INFO] console - 正在抓取第0条,一共152条
[2017-04-01 01:37:53.490] [INFO] console - 正在抓取第50条,一共152条
[2017-04-01 01:37:53.509] [ERROR] console - (node:803) DeprecationWarning: Mongoose: mpromise (mongoose's default promise library) is deprecated, plug in your own promise library instead: http://mongoosejs.com/docs/promises.html
[2017-04-01 01:37:58.662] [INFO] console - 正在抓取第100条,一共152条
[2017-04-01 01:38:03.704] [INFO] console - 正在抓取第150条,一共152条
[2017-04-01 01:38:06.740] [INFO] console - 正在抓取第200条,一共152条
[2017-04-01 01:38:08.765] [INFO] console - 抓取完成
[2017-04-01 01:38:08.766] [INFO] console - 开始抓取: "codesama": 
